2021-09-08 09:49:34.223 [main] [] WARN  com.alibaba.dubbo.config.spring.extension.SpringExtensionFactory getExtension 63 -  [DUBBO] No spring extension (bean) named:defaultCompiler, try to find an extension (bean) of type java.lang.String, dubbo version: 2.6.5, current host: 192.168.137.1
2021-09-08 09:49:34.224 [main] [] WARN  com.alibaba.dubbo.config.spring.extension.SpringExtensionFactory getExtension 81 -  [DUBBO] No spring extension (bean) named:defaultCompiler, type:java.lang.String found, stop get bean., dubbo version: 2.6.5, current host: 192.168.137.1
2021-09-08 09:54:54.794 [main] [] WARN  com.alibaba.dubbo.config.spring.extension.SpringExtensionFactory getExtension 63 -  [DUBBO] No spring extension (bean) named:defaultCompiler, try to find an extension (bean) of type java.lang.String, dubbo version: 2.6.5, current host: 192.168.137.1
2021-09-08 09:54:54.795 [main] [] WARN  com.alibaba.dubbo.config.spring.extension.SpringExtensionFactory getExtension 81 -  [DUBBO] No spring extension (bean) named:defaultCompiler, type:java.lang.String found, stop get bean., dubbo version: 2.6.5, current host: 192.168.137.1
2021-09-08 10:01:35.348 [restartedMain] [] WARN  com.alibaba.dubbo.config.spring.extension.SpringExtensionFactory getExtension 63 -  [DUBBO] No spring extension (bean) named:defaultCompiler, try to find an extension (bean) of type java.lang.String, dubbo version: 2.6.5, current host: 192.168.137.1
2021-09-08 10:01:35.349 [restartedMain] [] WARN  com.alibaba.dubbo.config.spring.extension.SpringExtensionFactory getExtension 81 -  [DUBBO] No spring extension (bean) named:defaultCompiler, type:java.lang.String found, stop get bean., dubbo version: 2.6.5, current host: 192.168.137.1
2021-09-08 10:02:25.674 [restartedMain] [] ERROR io.netty.util.ResourceLeakDetector error 171 - LEAK: HashedWheelTimer.release() was not called before it's garbage-collected. See http://netty.io/wiki/reference-counted-objects.html for more information.
Recent access records: 
Created at:
	io.netty.util.HashedWheelTimer.<init>(HashedWheelTimer.java:272)
	io.netty.util.HashedWheelTimer.<init>(HashedWheelTimer.java:216)
	io.netty.util.HashedWheelTimer.<init>(HashedWheelTimer.java:195)
	org.redisson.connection.MasterSlaveConnectionManager.initTimer(MasterSlaveConnectionManager.java:265)
	org.redisson.connection.MasterSlaveConnectionManager.<init>(MasterSlaveConnectionManager.java:163)
	org.redisson.connection.SingleConnectionManager.<init>(SingleConnectionManager.java:49)
	org.redisson.config.ConfigSupport.createConnectionManager(ConfigSupport.java:231)
	org.redisson.Redisson.<init>(Redisson.java:115)
	org.redisson.Redisson.create(Redisson.java:154)
	com.drinks.milk.configuration.redis.RedisConfig.getRedisson(RedisConfig.java:61)
	com.drinks.milk.configuration.redis.RedisConfig$$EnhancerBySpringCGLIB$$3107a84a.CGLIB$getRedisson$1(<generated>)
	com.drinks.milk.configuration.redis.RedisConfig$$EnhancerBySpringCGLIB$$3107a84a$$FastClassBySpringCGLIB$$cf06ea1d.invoke(<generated>)
	org.springframework.cglib.proxy.MethodProxy.invokeSuper(MethodProxy.java:228)
	org.springframework.context.annotation.ConfigurationClassEnhancer$BeanMethodInterceptor.intercept(ConfigurationClassEnhancer.java:361)
	com.drinks.milk.configuration.redis.RedisConfig$$EnhancerBySpringCGLIB$$3107a84a.getRedisson(<generated>)
	sun.reflect.NativeMethodAccessorImpl.invoke0(Native Method)
	sun.reflect.NativeMethodAccessorImpl.invoke(NativeMethodAccessorImpl.java:62)
	sun.reflect.DelegatingMethodAccessorImpl.invoke(DelegatingMethodAccessorImpl.java:43)
	java.lang.reflect.Method.invoke(Method.java:498)
	org.springframework.beans.factory.support.SimpleInstantiationStrategy.instantiate(SimpleInstantiationStrategy.java:154)
	org.springframework.beans.factory.support.ConstructorResolver.instantiateUsingFactoryMethod(ConstructorResolver.java:582)
	org.springframework.beans.factory.support.AbstractAutowireCapableBeanFactory.instantiateUsingFactoryMethod(AbstractAutowireCapableBeanFactory.java:1256)
	org.springframework.beans.factory.support.AbstractAutowireCapableBeanFactory.createBeanInstance(AbstractAutowireCapableBeanFactory.java:1105)
	org.springframework.beans.factory.support.AbstractAutowireCapableBeanFactory.doCreateBean(AbstractAutowireCapableBeanFactory.java:543)
	org.springframework.beans.factory.support.AbstractAutowireCapableBeanFactory.createBean(AbstractAutowireCapableBeanFactory.java:503)
	org.springframework.beans.factory.support.AbstractBeanFactory.lambda$doGetBean$0(AbstractBeanFactory.java:317)
	org.springframework.beans.factory.support.DefaultSingletonBeanRegistry.getSingleton(DefaultSingletonBeanRegistry.java:222)
	org.springframework.beans.factory.support.AbstractBeanFactory.doGetBean(AbstractBeanFactory.java:315)
	org.springframework.beans.factory.support.AbstractBeanFactory.getBean(AbstractBeanFactory.java:199)
	org.springframework.context.annotation.ConfigurationClassEnhancer$BeanMethodInterceptor.resolveBeanReference(ConfigurationClassEnhancer.java:392)
	org.springframework.context.annotation.ConfigurationClassEnhancer$BeanMethodInterceptor.intercept(ConfigurationClassEnhancer.java:364)
	com.drinks.milk.configuration.redis.RedisConfig$$EnhancerBySpringCGLIB$$3107a84a.getRedisson(<generated>)
	com.drinks.milk.configuration.redis.RedisConfig.blockingFairQueue(RedisConfig.java:66)
	com.drinks.milk.configuration.redis.RedisConfig$$EnhancerBySpringCGLIB$$3107a84a.CGLIB$blockingFairQueue$3(<generated>)
	com.drinks.milk.configuration.redis.RedisConfig$$EnhancerBySpringCGLIB$$3107a84a$$FastClassBySpringCGLIB$$cf06ea1d.invoke(<generated>)
	org.springframework.cglib.proxy.MethodProxy.invokeSuper(MethodProxy.java:228)
	org.springframework.context.annotation.ConfigurationClassEnhancer$BeanMethodInterceptor.intercept(ConfigurationClassEnhancer.java:361)
	com.drinks.milk.configuration.redis.RedisConfig$$EnhancerBySpringCGLIB$$3107a84a.blockingFairQueue(<generated>)
	sun.reflect.NativeMethodAccessorImpl.invoke0(Native Method)
	sun.reflect.NativeMethodAccessorImpl.invoke(NativeMethodAccessorImpl.java:62)
	sun.reflect.DelegatingMethodAccessorImpl.invoke(DelegatingMethodAccessorImpl.java:43)
	java.lang.reflect.Method.invoke(Method.java:498)
	org.springframework.beans.factory.support.SimpleInstantiationStrategy.instantiate(SimpleInstantiationStrategy.java:154)
	org.springframework.beans.factory.support.ConstructorResolver.instantiateUsingFactoryMethod(ConstructorResolver.java:582)
	org.springframework.beans.factory.support.AbstractAutowireCapableBeanFactory.instantiateUsingFactoryMethod(AbstractAutowireCapableBeanFactory.java:1256)
	org.springframework.beans.factory.support.AbstractAutowireCapableBeanFactory.createBeanInstance(AbstractAutowireCapableBeanFactory.java:1105)
	org.springframework.beans.factory.support.AbstractAutowireCapableBeanFactory.doCreateBean(AbstractAutowireCapableBeanFactory.java:543)
	org.springframework.beans.factory.support.AbstractAutowireCapableBeanFactory.createBean(AbstractAutowireCapableBeanFactory.java:503)
	org.springframework.beans.factory.support.AbstractBeanFactory.lambda$doGetBean$0(AbstractBeanFactory.java:317)
	org.springframework.beans.factory.support.DefaultSingletonBeanRegistry.getSingleton(DefaultSingletonBeanRegistry.java:222)
	org.springframework.beans.factory.support.AbstractBeanFactory.doGetBean(AbstractBeanFactory.java:315)
	org.springframework.beans.factory.support.AbstractBeanFactory.getBean(AbstractBeanFactory.java:204)
	org.springframework.context.annotation.CommonAnnotationBeanPostProcessor.autowireResource(CommonAnnotationBeanPostProcessor.java:513)
	org.springframework.context.annotation.CommonAnnotationBeanPostProcessor.getResource(CommonAnnotationBeanPostProcessor.java:484)
	org.springframework.context.annotation.CommonAnnotationBeanPostProcessor$ResourceElement.getResourceToInject(CommonAnnotationBeanPostProcessor.java:618)
	org.springframework.beans.factory.annotation.InjectionMetadata$InjectedElement.inject(InjectionMetadata.java:177)
	org.springframework.beans.factory.annotation.InjectionMetadata.inject(InjectionMetadata.java:91)
	org.springframework.context.annotation.CommonAnnotationBeanPostProcessor.postProcessPropertyValues(CommonAnnotationBeanPostProcessor.java:318)
	org.springframework.beans.factory.support.AbstractAutowireCapableBeanFactory.populateBean(AbstractAutowireCapableBeanFactory.java:1350)
	org.springframework.beans.factory.support.AbstractAutowireCapableBeanFactory.doCreateBean(AbstractAutowireCapableBeanFactory.java:580)
	org.springframework.beans.factory.support.AbstractAutowireCapableBeanFactory.createBean(AbstractAutowireCapableBeanFactory.java:503)
	org.springframework.beans.factory.support.AbstractBeanFactory.lambda$doGetBean$0(AbstractBeanFactory.java:317)
	org.springframework.beans.factory.support.DefaultSingletonBeanRegistry.getSingleton(DefaultSingletonBeanRegistry.java:222)
	org.springframework.beans.factory.support.AbstractBeanFactory.doGetBean(AbstractBeanFactory.java:315)
	org.springframework.beans.factory.support.AbstractBeanFactory.getBean(AbstractBeanFactory.java:199)
	org.springframework.beans.factory.support.DefaultListableBeanFactory.preInstantiateSingletons(DefaultListableBeanFactory.java:760)
	org.springframework.context.support.AbstractApplicationContext.finishBeanFactoryInitialization(AbstractApplicationContext.java:869)
	org.springframework.context.support.AbstractApplicationContext.refresh(AbstractApplicationContext.java:550)
	org.springframework.boot.web.servlet.context.ServletWebServerApplicationContext.refresh(ServletWebServerApplicationContext.java:140)
	org.springframework.boot.SpringApplication.refresh(SpringApplication.java:759)
	org.springframework.boot.SpringApplication.refreshContext(SpringApplication.java:395)
	org.springframework.boot.SpringApplication.run(SpringApplication.java:327)
	com.drinks.milk.MilkApplication.main(MilkApplication.java:16)
	sun.reflect.NativeMethodAccessorImpl.invoke0(Native Method)
	sun.reflect.NativeMethodAccessorImpl.invoke(NativeMethodAccessorImpl.java:62)
	sun.reflect.DelegatingMethodAccessorImpl.invoke(DelegatingMethodAccessorImpl.java:43)
	java.lang.reflect.Method.invoke(Method.java:498)
	org.springframework.boot.devtools.restart.RestartLauncher.run(RestartLauncher.java:49)
2021-09-08 10:02:26.858 [restartedMain] [] WARN  com.alibaba.dubbo.config.model.ApplicationModel initProviderModel 73 -  [DUBBO] already register the provider service: develop/com.drinks.milk.api.service.DemoService, dubbo version: 2.6.5, current host: 192.168.137.1
2021-09-08 10:05:59.562 [restartedMain] [] WARN  com.alibaba.dubbo.config.spring.extension.SpringExtensionFactory getExtension 63 -  [DUBBO] No spring extension (bean) named:defaultCompiler, try to find an extension (bean) of type java.lang.String, dubbo version: 2.6.5, current host: 192.168.137.1
2021-09-08 10:05:59.563 [restartedMain] [] WARN  com.alibaba.dubbo.config.spring.extension.SpringExtensionFactory getExtension 81 -  [DUBBO] No spring extension (bean) named:defaultCompiler, type:java.lang.String found, stop get bean., dubbo version: 2.6.5, current host: 192.168.137.1
2021-09-08 10:09:53.442 [restartedMain] [] WARN  com.alibaba.dubbo.config.spring.extension.SpringExtensionFactory getExtension 63 -  [DUBBO] No spring extension (bean) named:defaultCompiler, try to find an extension (bean) of type java.lang.String, dubbo version: 2.6.5, current host: 192.168.137.1
2021-09-08 10:09:53.443 [restartedMain] [] WARN  com.alibaba.dubbo.config.spring.extension.SpringExtensionFactory getExtension 81 -  [DUBBO] No spring extension (bean) named:defaultCompiler, type:java.lang.String found, stop get bean., dubbo version: 2.6.5, current host: 192.168.137.1
2021-09-08 10:15:06.231 [restartedMain] [] ERROR io.netty.util.ResourceLeakDetector error 171 - LEAK: HashedWheelTimer.release() was not called before it's garbage-collected. See http://netty.io/wiki/reference-counted-objects.html for more information.
Recent access records: 
Created at:
	io.netty.util.HashedWheelTimer.<init>(HashedWheelTimer.java:272)
	io.netty.util.HashedWheelTimer.<init>(HashedWheelTimer.java:216)
	io.netty.util.HashedWheelTimer.<init>(HashedWheelTimer.java:195)
	org.redisson.connection.MasterSlaveConnectionManager.initTimer(MasterSlaveConnectionManager.java:265)
	org.redisson.connection.MasterSlaveConnectionManager.<init>(MasterSlaveConnectionManager.java:163)
	org.redisson.connection.SingleConnectionManager.<init>(SingleConnectionManager.java:49)
	org.redisson.config.ConfigSupport.createConnectionManager(ConfigSupport.java:231)
	org.redisson.Redisson.<init>(Redisson.java:115)
	org.redisson.Redisson.create(Redisson.java:154)
	com.drinks.milk.configuration.redis.RedisConfig.getRedisson(RedisConfig.java:61)
	com.drinks.milk.configuration.redis.RedisConfig$$EnhancerBySpringCGLIB$$9f7d24d4.CGLIB$getRedisson$3(<generated>)
	com.drinks.milk.configuration.redis.RedisConfig$$EnhancerBySpringCGLIB$$9f7d24d4$$FastClassBySpringCGLIB$$404ee300.invoke(<generated>)
	org.springframework.cglib.proxy.MethodProxy.invokeSuper(MethodProxy.java:228)
	org.springframework.context.annotation.ConfigurationClassEnhancer$BeanMethodInterceptor.intercept(ConfigurationClassEnhancer.java:361)
	com.drinks.milk.configuration.redis.RedisConfig$$EnhancerBySpringCGLIB$$9f7d24d4.getRedisson(<generated>)
	sun.reflect.NativeMethodAccessorImpl.invoke0(Native Method)
	sun.reflect.NativeMethodAccessorImpl.invoke(NativeMethodAccessorImpl.java:62)
	sun.reflect.DelegatingMethodAccessorImpl.invoke(DelegatingMethodAccessorImpl.java:43)
	java.lang.reflect.Method.invoke(Method.java:498)
	org.springframework.beans.factory.support.SimpleInstantiationStrategy.instantiate(SimpleInstantiationStrategy.java:154)
	org.springframework.beans.factory.support.ConstructorResolver.instantiateUsingFactoryMethod(ConstructorResolver.java:582)
	org.springframework.beans.factory.support.AbstractAutowireCapableBeanFactory.instantiateUsingFactoryMethod(AbstractAutowireCapableBeanFactory.java:1256)
	org.springframework.beans.factory.support.AbstractAutowireCapableBeanFactory.createBeanInstance(AbstractAutowireCapableBeanFactory.java:1105)
	org.springframework.beans.factory.support.AbstractAutowireCapableBeanFactory.doCreateBean(AbstractAutowireCapableBeanFactory.java:543)
	org.springframework.beans.factory.support.AbstractAutowireCapableBeanFactory.createBean(AbstractAutowireCapableBeanFactory.java:503)
	org.springframework.beans.factory.support.AbstractBeanFactory.lambda$doGetBean$0(AbstractBeanFactory.java:317)
	org.springframework.beans.factory.support.DefaultSingletonBeanRegistry.getSingleton(DefaultSingletonBeanRegistry.java:222)
	org.springframework.beans.factory.support.AbstractBeanFactory.doGetBean(AbstractBeanFactory.java:315)
	org.springframework.beans.factory.support.AbstractBeanFactory.getBean(AbstractBeanFactory.java:199)
	org.springframework.context.annotation.ConfigurationClassEnhancer$BeanMethodInterceptor.resolveBeanReference(ConfigurationClassEnhancer.java:392)
	org.springframework.context.annotation.ConfigurationClassEnhancer$BeanMethodInterceptor.intercept(ConfigurationClassEnhancer.java:364)
	com.drinks.milk.configuration.redis.RedisConfig$$EnhancerBySpringCGLIB$$9f7d24d4.getRedisson(<generated>)
	com.drinks.milk.configuration.redis.RedisConfig.blockingFairQueue(RedisConfig.java:66)
	com.drinks.milk.configuration.redis.RedisConfig$$EnhancerBySpringCGLIB$$9f7d24d4.CGLIB$blockingFairQueue$0(<generated>)
	com.drinks.milk.configuration.redis.RedisConfig$$EnhancerBySpringCGLIB$$9f7d24d4$$FastClassBySpringCGLIB$$404ee300.invoke(<generated>)
	org.springframework.cglib.proxy.MethodProxy.invokeSuper(MethodProxy.java:228)
	org.springframework.context.annotation.ConfigurationClassEnhancer$BeanMethodInterceptor.intercept(ConfigurationClassEnhancer.java:361)
	com.drinks.milk.configuration.redis.RedisConfig$$EnhancerBySpringCGLIB$$9f7d24d4.blockingFairQueue(<generated>)
	sun.reflect.NativeMethodAccessorImpl.invoke0(Native Method)
	sun.reflect.NativeMethodAccessorImpl.invoke(NativeMethodAccessorImpl.java:62)
	sun.reflect.DelegatingMethodAccessorImpl.invoke(DelegatingMethodAccessorImpl.java:43)
	java.lang.reflect.Method.invoke(Method.java:498)
	org.springframework.beans.factory.support.SimpleInstantiationStrategy.instantiate(SimpleInstantiationStrategy.java:154)
	org.springframework.beans.factory.support.ConstructorResolver.instantiateUsingFactoryMethod(ConstructorResolver.java:582)
	org.springframework.beans.factory.support.AbstractAutowireCapableBeanFactory.instantiateUsingFactoryMethod(AbstractAutowireCapableBeanFactory.java:1256)
	org.springframework.beans.factory.support.AbstractAutowireCapableBeanFactory.createBeanInstance(AbstractAutowireCapableBeanFactory.java:1105)
	org.springframework.beans.factory.support.AbstractAutowireCapableBeanFactory.doCreateBean(AbstractAutowireCapableBeanFactory.java:543)
	org.springframework.beans.factory.support.AbstractAutowireCapableBeanFactory.createBean(AbstractAutowireCapableBeanFactory.java:503)
	org.springframework.beans.factory.support.AbstractBeanFactory.lambda$doGetBean$0(AbstractBeanFactory.java:317)
	org.springframework.beans.factory.support.DefaultSingletonBeanRegistry.getSingleton(DefaultSingletonBeanRegistry.java:222)
	org.springframework.beans.factory.support.AbstractBeanFactory.doGetBean(AbstractBeanFactory.java:315)
	org.springframework.beans.factory.support.AbstractBeanFactory.getBean(AbstractBeanFactory.java:204)
	org.springframework.context.annotation.CommonAnnotationBeanPostProcessor.autowireResource(CommonAnnotationBeanPostProcessor.java:513)
	org.springframework.context.annotation.CommonAnnotationBeanPostProcessor.getResource(CommonAnnotationBeanPostProcessor.java:484)
	org.springframework.context.annotation.CommonAnnotationBeanPostProcessor$ResourceElement.getResourceToInject(CommonAnnotationBeanPostProcessor.java:618)
	org.springframework.beans.factory.annotation.InjectionMetadata$InjectedElement.inject(InjectionMetadata.java:177)
	org.springframework.beans.factory.annotation.InjectionMetadata.inject(InjectionMetadata.java:91)
	org.springframework.context.annotation.CommonAnnotationBeanPostProcessor.postProcessPropertyValues(CommonAnnotationBeanPostProcessor.java:318)
	org.springframework.beans.factory.support.AbstractAutowireCapableBeanFactory.populateBean(AbstractAutowireCapableBeanFactory.java:1350)
	org.springframework.beans.factory.support.AbstractAutowireCapableBeanFactory.doCreateBean(AbstractAutowireCapableBeanFactory.java:580)
	org.springframework.beans.factory.support.AbstractAutowireCapableBeanFactory.createBean(AbstractAutowireCapableBeanFactory.java:503)
	org.springframework.beans.factory.support.AbstractBeanFactory.lambda$doGetBean$0(AbstractBeanFactory.java:317)
	org.springframework.beans.factory.support.DefaultSingletonBeanRegistry.getSingleton(DefaultSingletonBeanRegistry.java:222)
	org.springframework.beans.factory.support.AbstractBeanFactory.doGetBean(AbstractBeanFactory.java:315)
	org.springframework.beans.factory.support.AbstractBeanFactory.getBean(AbstractBeanFactory.java:199)
	org.springframework.beans.factory.support.DefaultListableBeanFactory.preInstantiateSingletons(DefaultListableBeanFactory.java:760)
	org.springframework.context.support.AbstractApplicationContext.finishBeanFactoryInitialization(AbstractApplicationContext.java:869)
	org.springframework.context.support.AbstractApplicationContext.refresh(AbstractApplicationContext.java:550)
	org.springframework.boot.web.servlet.context.ServletWebServerApplicationContext.refresh(ServletWebServerApplicationContext.java:140)
	org.springframework.boot.SpringApplication.refresh(SpringApplication.java:759)
	org.springframework.boot.SpringApplication.refreshContext(SpringApplication.java:395)
	org.springframework.boot.SpringApplication.run(SpringApplication.java:327)
	com.drinks.milk.MilkApplication.main(MilkApplication.java:16)
	sun.reflect.NativeMethodAccessorImpl.invoke0(Native Method)
	sun.reflect.NativeMethodAccessorImpl.invoke(NativeMethodAccessorImpl.java:62)
	sun.reflect.DelegatingMethodAccessorImpl.invoke(DelegatingMethodAccessorImpl.java:43)
	java.lang.reflect.Method.invoke(Method.java:498)
	org.springframework.boot.devtools.restart.RestartLauncher.run(RestartLauncher.java:49)
2021-09-08 10:15:07.850 [restartedMain] [] WARN  com.alibaba.dubbo.config.model.ApplicationModel initProviderModel 73 -  [DUBBO] already register the provider service: develop/com.drinks.milk.api.service.DemoService, dubbo version: 2.6.5, current host: 192.168.137.1
2021-09-08 10:16:19.948 [restartedMain] [] WARN  com.alibaba.dubbo.config.model.ApplicationModel initProviderModel 73 -  [DUBBO] already register the provider service: develop/com.drinks.milk.api.service.DemoService, dubbo version: 2.6.5, current host: 192.168.137.1
2021-09-08 10:17:14.430 [restartedMain] [] WARN  com.alibaba.dubbo.config.model.ApplicationModel initProviderModel 73 -  [DUBBO] already register the provider service: develop/com.drinks.milk.api.service.DemoService, dubbo version: 2.6.5, current host: 192.168.137.1
2021-09-08 10:17:45.394 [restartedMain] [] WARN  com.alibaba.dubbo.config.model.ApplicationModel initProviderModel 73 -  [DUBBO] already register the provider service: develop/com.drinks.milk.api.service.DemoService, dubbo version: 2.6.5, current host: 192.168.137.1
